[OpenCode] Mode: PRODUCTION
[OpenCode] Platform: win32
[OpenCode] Data directory: C:\Users\Aaron - Main\Desktop\orcheFlow_storage\data
[OpenCode] Cache directory: C:\Users\Aaron - Main\Desktop\orcheFlow_storage\cache
[OpenCode] Config directory: C:\Users\Aaron - Main\Desktop\orcheFlow_storage\config
[OpenCode] State directory: C:\Users\Aaron - Main\Desktop\orcheFlow_storage\state
[OpenCode] Mode: PRODUCTION
[OpenCode] Platform: win32
[OpenCode] Data directory: C:\Users\Aaron - Main\Desktop\orcheFlow_storage\data
[OpenCode] Cache directory: C:\Users\Aaron - Main\Desktop\orcheFlow_storage\cache
[OpenCode] Config directory: C:\Users\Aaron - Main\Desktop\orcheFlow_storage\config
[OpenCode] State directory: C:\Users\Aaron - Main\Desktop\orcheFlow_storage\state
[Backend] Starting server on 127.0.0.1:4001...
🔧 Loading config from: C:\Users\Aaron - Main\Desktop\_OpenCode_MainWorkSpace\v5\branches\opencode-fresh\packages\backend\src\shared\config\mainConfig.json
ERROR 2026-01-31T10:19:27 +868ms service=server error= failed
ERROR 2026-01-31T10:19:29 +1387ms service=server error= failed
ERROR 2026-01-31T10:19:30 +933ms service=server error= failed
ERROR 2026-01-31T10:19:31 +1066ms service=server error= failed
ERROR 2026-01-31T10:19:33 +1735ms service=server error= failed
ERROR 2026-01-31T10:19:37 +4560ms service=server error= failed
ERROR 2026-01-31T10:19:39 +1710ms service=server error= failed
ERROR 2026-01-31T10:19:40 +1689ms service=server error= failed
ERROR 2026-01-31T10:19:47 +6605ms service=server error= failed
ERROR 2026-01-31T10:19:49 +1701ms service=server error= failed
ERROR 2026-01-31T10:19:50 +1696ms service=server error= failed
ERROR 2026-01-31T10:19:57 +6609ms service=server error= failed
ERROR 2026-01-31T10:19:59 +1693ms service=server error= failed
ERROR 2026-01-31T10:20:00 +947ms service=server error= failed
ERROR 2026-01-31T10:20:00 +748ms service=server error= failed
ERROR 2026-01-31T10:20:03 +2057ms service=server error= failed
ERROR 2026-01-31T10:20:07 +4541ms service=server error= failed
ERROR 2026-01-31T10:20:09 +1712ms service=server error= failed
ERROR 2026-01-31T10:20:10 +1695ms service=server error= failed
ERROR 2026-01-31T10:20:17 +6607ms service=server error= failed
ERROR 2026-01-31T10:20:19 +1697ms service=server error= failed
ERROR 2026-01-31T10:20:20 +1689ms service=server error= failed
ERROR 2026-01-31T10:20:27 +6602ms service=server error= failed
ERROR 2026-01-31T10:20:29 +1704ms service=server error= failed
ERROR 2026-01-31T10:20:30 +964ms service=server error= failed
ERROR 2026-01-31T10:20:30 +728ms service=server error= failed
ERROR 2026-01-31T10:20:33 +2076ms service=server error= failed
ERROR 2026-01-31T10:20:37 +4537ms service=server error= failed
ERROR 2026-01-31T10:20:39 +1692ms service=server error= failed
ERROR 2026-01-31T10:20:40 +1697ms service=server error= failed
ERROR 2026-01-31T10:20:47 +6601ms service=server error= failed
ERROR 2026-01-31T10:20:49 +1700ms service=server error= failed
ERROR 2026-01-31T10:20:50 +1695ms service=server error= failed
ERROR 2026-01-31T10:20:57 +6611ms service=server error= failed
ERROR 2026-01-31T10:20:59 +1697ms service=server error= failed
ERROR 2026-01-31T10:21:00 +983ms service=server error= failed
ERROR 2026-01-31T10:21:00 +713ms service=server error= failed
ERROR 2026-01-31T10:21:03 +2080ms service=server error= failed
ERROR 2026-01-31T10:21:07 +4526ms service=server error= failed
ERROR 2026-01-31T10:21:09 +1707ms service=server error= failed
ERROR 2026-01-31T10:21:10 +1691ms service=server error= failed
ERROR 2026-01-31T10:21:17 +6601ms service=server error= failed
ERROR 2026-01-31T10:21:19 +1708ms service=server error= failed
ERROR 2026-01-31T10:21:20 +1690ms service=server error= failed
ERROR 2026-01-31T10:21:27 +6607ms service=server error= failed
ERROR 2026-01-31T10:21:29 +1698ms service=server error= failed
ERROR 2026-01-31T10:21:30 +994ms service=server error= failed
ERROR 2026-01-31T10:21:30 +703ms service=server error= failed
ERROR 2026-01-31T10:21:33 +2080ms service=server error= failed
ERROR 2026-01-31T10:21:37 +4529ms service=server error= failed
ERROR 2026-01-31T10:21:39 +1700ms service=server error= failed
ERROR 2026-01-31T10:21:40 +1696ms service=server error= failed
ERROR 2026-01-31T10:21:47 +6601ms service=server error= failed
ERROR 2026-01-31T10:21:49 +1697ms service=server error= failed
ERROR 2026-01-31T10:21:50 +1693ms service=server error= failed
ERROR 2026-01-31T10:21:57 +6609ms service=server error= failed
ERROR 2026-01-31T10:21:59 +1697ms service=server error= failed
ERROR 2026-01-31T10:22:00 +999ms service=server error= failed
ERROR 2026-01-31T10:22:00 +693ms service=server error= failed
ERROR 2026-01-31T10:22:03 +2104ms service=server error= failed
ERROR 2026-01-31T10:22:07 +4505ms service=server error= failed
ERROR 2026-01-31T10:22:09 +1692ms service=server error= failed
ERROR 2026-01-31T10:22:10 +1696ms service=server error= failed
ERROR 2026-01-31T10:22:17 +6607ms service=server error= failed
ERROR 2026-01-31T10:22:19 +1697ms service=server error= failed
ERROR 2026-01-31T10:22:20 +1699ms service=server error= failed
ERROR 2026-01-31T10:22:27 +6606ms service=server error= failed
ERROR 2026-01-31T10:22:29 +1701ms service=server error= failed
ERROR 2026-01-31T10:22:30 +1008ms service=server error= failed
ERROR 2026-01-31T10:22:30 +688ms service=server error= failed
ERROR 2026-01-31T10:22:33 +2113ms service=server error= failed
ERROR 2026-01-31T10:22:37 +4495ms service=server error= failed
ERROR 2026-01-31T10:22:39 +1703ms service=server error= failed
ERROR 2026-01-31T10:22:40 +1696ms service=server error= failed
ERROR 2026-01-31T10:22:47 +6602ms service=server error= failed
ERROR 2026-01-31T10:22:49 +1696ms service=server error= failed
ERROR 2026-01-31T10:22:50 +1692ms service=server error= failed
ERROR 2026-01-31T10:22:57 +6609ms service=server error= failed
ERROR 2026-01-31T10:22:59 +1699ms service=server error= failed
ERROR 2026-01-31T10:23:00 +1026ms service=server error= failed
ERROR 2026-01-31T10:23:00 +662ms service=server error= failed
ERROR 2026-01-31T10:23:03 +2124ms service=server error= failed
ERROR 2026-01-31T10:23:07 +4491ms service=server error= failed
ERROR 2026-01-31T10:23:09 +1695ms service=server error= failed
ERROR 2026-01-31T10:23:10 +1699ms service=server error= failed
ERROR 2026-01-31T10:23:17 +6606ms service=server error= failed
ERROR 2026-01-31T10:23:19 +1699ms service=server error= failed
ERROR 2026-01-31T10:23:20 +1685ms service=server error= failed
ERROR 2026-01-31T10:23:27 +6613ms service=server error= failed
ERROR 2026-01-31T10:23:29 +1702ms service=server error= failed
ERROR 2026-01-31T10:23:30 +1027ms service=server error= failed
ERROR 2026-01-31T10:23:30 +665ms service=server error= failed
ERROR 2026-01-31T10:23:33 +2126ms service=server error= failed
ERROR 2026-01-31T10:23:37 +4475ms service=server error= failed
ERROR 2026-01-31T10:23:39 +1702ms service=server error= failed
ERROR 2026-01-31T10:23:40 +1699ms service=server error= failed
ERROR 2026-01-31T10:23:47 +6607ms service=server error= failed
ERROR 2026-01-31T10:23:49 +1696ms service=server error= failed
ERROR 2026-01-31T10:23:50 +1688ms service=server error= failed
ERROR 2026-01-31T10:23:57 +6607ms service=server error= failed
ERROR 2026-01-31T10:23:59 +1705ms service=server error= failed
ERROR 2026-01-31T10:24:00 +1045ms service=server error= failed
ERROR 2026-01-31T10:24:00 +645ms service=server error= failed
ERROR 2026-01-31T10:24:03 +2139ms service=server error= failed
ERROR 2026-01-31T10:24:07 +4465ms service=server error= failed
ERROR 2026-01-31T10:24:09 +1712ms service=server error= failed
ERROR 2026-01-31T10:24:10 +1689ms service=server error= failed
ERROR 2026-01-31T10:24:17 +6603ms service=server error= failed
ERROR 2026-01-31T10:24:19 +1707ms service=server error= failed
ERROR 2026-01-31T10:24:20 +1690ms service=server error= failed
ERROR 2026-01-31T10:24:27 +6599ms service=server error= failed
ERROR 2026-01-31T10:24:29 +1708ms service=server error= failed
ERROR 2026-01-31T10:24:30 +1057ms service=server error= failed
ERROR 2026-01-31T10:24:30 +637ms service=server error= failed
ERROR 2026-01-31T10:24:33 +2145ms service=server error= failed
ERROR 2026-01-31T10:24:37 +4466ms service=server error= failed
ERROR 2026-01-31T10:24:39 +1701ms service=server error= failed
ERROR 2026-01-31T10:24:40 +1682ms service=server error= failed
ERROR 2026-01-31T10:24:47 +6610ms service=server error= failed
ERROR 2026-01-31T10:24:49 +1703ms service=server error= failed
ERROR 2026-01-31T10:24:50 +1692ms service=server error= failed
ERROR 2026-01-31T10:24:57 +6600ms service=server error= failed
ERROR 2026-01-31T10:24:59 +1709ms service=server error= failed
ERROR 2026-01-31T10:25:00 +1060ms service=server error= failed
ERROR 2026-01-31T10:25:00 +624ms service=server error= failed
ERROR 2026-01-31T10:25:03 +2159ms service=server error= failed
ERROR 2026-01-31T10:25:07 +4449ms service=server error= failed
ERROR 2026-01-31T10:25:09 +1705ms service=server error= failed
ERROR 2026-01-31T10:25:10 +1692ms service=server error= failed
ERROR 2026-01-31T10:25:17 +6602ms service=server error= failed
ERROR 2026-01-31T10:25:19 +1707ms service=server error= failed
ERROR 2026-01-31T10:25:20 +1695ms service=server error= failed
ERROR 2026-01-31T10:25:27 +6599ms service=server error= failed
ERROR 2026-01-31T10:25:29 +1703ms service=server error= failed
ERROR 2026-01-31T10:25:30 +1070ms service=server error= failed
ERROR 2026-01-31T10:25:30 +624ms service=server error= failed
ERROR 2026-01-31T10:25:33 +2166ms service=server error= failed
ERROR 2026-01-31T10:25:37 +4444ms service=server error= failed
ERROR 2026-01-31T10:25:39 +1699ms service=server error= failed
ERROR 2026-01-31T10:25:40 +1686ms service=server error= failed
ERROR 2026-01-31T10:25:47 +6615ms service=server error= failed
ERROR 2026-01-31T10:25:49 +1692ms service=server error= failed
ERROR 2026-01-31T10:25:50 +1705ms service=server error= failed
ERROR 2026-01-31T10:25:57 +6600ms service=server error= failed
ERROR 2026-01-31T10:25:59 +1699ms service=server error= failed
ERROR 2026-01-31T10:26:00 +1086ms service=server error= failed
ERROR 2026-01-31T10:26:00 +609ms service=server error= failed
ERROR 2026-01-31T10:26:03 +2176ms service=server error= failed
ERROR 2026-01-31T10:26:07 +4432ms service=server error= failed
ERROR 2026-01-31T10:26:09 +1704ms service=server error= failed
ERROR 2026-01-31T10:26:10 +1686ms service=server error= failed
ERROR 2026-01-31T10:26:17 +6611ms service=server error= failed
ERROR 2026-01-31T10:26:19 +1697ms service=server error= failed
ERROR 2026-01-31T10:26:20 +1698ms service=server error= failed
ERROR 2026-01-31T10:26:27 +6607ms service=server error= failed
ERROR 2026-01-31T10:26:29 +1692ms service=server error= failed
ERROR 2026-01-31T10:26:30 +1103ms service=server error= failed
ERROR 2026-01-31T10:26:30 +592ms service=server error= failed
ERROR 2026-01-31T10:26:33 +2183ms service=server error= failed
ERROR 2026-01-31T10:26:37 +4430ms service=server error= failed
ERROR 2026-01-31T10:26:39 +1693ms service=server error= failed
ERROR 2026-01-31T10:26:40 +1700ms service=server error= failed
ERROR 2026-01-31T10:26:47 +6598ms service=server error= failed
ERROR 2026-01-31T10:26:49 +1711ms service=server error= failed
ERROR 2026-01-31T10:26:50 +1683ms service=server error= failed
ERROR 2026-01-31T10:26:57 +6608ms service=server error= failed
ERROR 2026-01-31T10:26:59 +1708ms service=server error= failed
ERROR 2026-01-31T10:27:00 +1109ms service=server error= failed
ERROR 2026-01-31T10:27:00 +576ms service=server error= failed
ERROR 2026-01-31T10:27:03 +2191ms service=server error= failed
ERROR 2026-01-31T10:27:07 +4424ms service=server error= failed
ERROR 2026-01-31T10:27:09 +1697ms service=server error= failed
ERROR 2026-01-31T10:27:10 +1694ms service=server error= failed
ERROR 2026-01-31T10:27:17 +6607ms service=server error= failed
ERROR 2026-01-31T10:27:19 +1697ms service=server error= failed
ERROR 2026-01-31T10:27:20 +1689ms service=server error= failed
ERROR 2026-01-31T10:27:27 +6611ms service=server error= failed
ERROR 2026-01-31T10:27:29 +1697ms service=server error= failed
ERROR 2026-01-31T10:27:30 +1123ms service=server error= failed
ERROR 2026-01-31T10:27:30 +568ms service=server error= failed
ERROR 2026-01-31T10:27:33 +2206ms service=server error= failed
ERROR 2026-01-31T10:27:37 +4411ms service=server error= failed
ERROR 2026-01-31T10:27:39 +1695ms service=server error= failed
ERROR 2026-01-31T10:27:40 +1695ms service=server error= failed
ERROR 2026-01-31T10:27:47 +6601ms service=server error= failed
ERROR 2026-01-31T10:27:49 +1712ms service=server error= failed
ERROR 2026-01-31T10:27:50 +1691ms service=server error= failed
ERROR 2026-01-31T10:27:57 +6604ms service=server error= failed
ERROR 2026-01-31T10:27:59 +1704ms service=server error= failed
ERROR 2026-01-31T10:28:00 +1125ms service=server error= failed
ERROR 2026-01-31T10:28:00 +555ms service=server error= failed
ERROR 2026-01-31T10:28:03 +2213ms service=server error= failed
ERROR 2026-01-31T10:28:07 +4397ms service=server error= failed
ERROR 2026-01-31T10:28:09 +1711ms service=server error= failed
ERROR 2026-01-31T10:28:10 +1692ms service=server error= failed
ERROR 2026-01-31T10:28:17 +6608ms service=server error= failed
ERROR 2026-01-31T10:28:19 +1698ms service=server error= failed
ERROR 2026-01-31T10:28:20 +1680ms service=server error= failed
ERROR 2026-01-31T10:28:27 +6608ms service=server error= failed
ERROR 2026-01-31T10:28:29 +1713ms service=server error= failed
ERROR 2026-01-31T10:28:30 +1133ms service=server error= failed
ERROR 2026-01-31T10:28:30 +553ms service=server error= failed
ERROR 2026-01-31T10:28:33 +2212ms service=server error= failed
ERROR 2026-01-31T10:28:37 +4389ms service=server error= failed
ERROR 2026-01-31T10:28:39 +1709ms service=server error= failed
ERROR 2026-01-31T10:28:40 +1692ms service=server error= failed
ERROR 2026-01-31T10:28:47 +6608ms service=server error= failed
ERROR 2026-01-31T10:28:49 +1704ms service=server error= failed
ERROR 2026-01-31T10:28:50 +1686ms service=server error= failed
ERROR 2026-01-31T10:28:57 +6606ms service=server error= failed
ERROR 2026-01-31T10:28:59 +1708ms service=server error= failed
ERROR 2026-01-31T10:29:00 +1146ms service=server error= failed
ERROR 2026-01-31T10:29:00 +546ms service=server error= failed
ERROR 2026-01-31T10:29:03 +2220ms service=server error= failed
ERROR 2026-01-31T10:29:07 +4388ms service=server error= failed
ERROR 2026-01-31T10:29:09 +1697ms service=server error= failed
ERROR 2026-01-31T10:29:10 +1690ms service=server error= failed
ERROR 2026-01-31T10:29:17 +6612ms service=server error= failed
ERROR 2026-01-31T10:29:19 +1692ms service=server error= failed
ERROR 2026-01-31T10:29:20 +1700ms service=server error= failed
ERROR 2026-01-31T10:29:27 +6598ms service=server error= failed
ERROR 2026-01-31T10:29:29 +1699ms service=server error= failed
ERROR 2026-01-31T10:29:30 +1164ms service=server error= failed
ERROR 2026-01-31T10:29:30 +526ms service=server error= failed
ERROR 2026-01-31T10:29:33 +2250ms service=server error= failed
ERROR 2026-01-31T10:29:37 +4367ms service=server error= failed
ERROR 2026-01-31T10:29:39 +1705ms service=server error= failed
ERROR 2026-01-31T10:29:40 +1685ms service=server error= failed
ERROR 2026-01-31T10:29:47 +6601ms service=server error= failed
ERROR 2026-01-31T10:29:49 +1708ms service=server error= failed
ERROR 2026-01-31T10:29:50 +1692ms service=server error= failed
ERROR 2026-01-31T10:29:57 +6610ms service=server error= failed
ERROR 2026-01-31T10:29:59 +1698ms service=server error= failed
ERROR 2026-01-31T10:30:00 +1175ms service=server error= failed
ERROR 2026-01-31T10:30:00 +513ms service=server error= failed
ERROR 2026-01-31T10:30:03 +2265ms service=server error= failed
ERROR 2026-01-31T10:30:07 +4350ms service=server error= failed
ERROR 2026-01-31T10:30:09 +1704ms service=server error= failed
ERROR 2026-01-31T10:30:10 +1678ms service=server error= failed
ERROR 2026-01-31T10:30:17 +6607ms service=server error= failed
ERROR 2026-01-31T10:30:19 +1709ms service=server error= failed
ERROR 2026-01-31T10:30:20 +1686ms service=server error= failed
ERROR 2026-01-31T10:30:27 +6615ms service=server error= failed
ERROR 2026-01-31T10:30:29 +1696ms service=server error= failed
ERROR 2026-01-31T10:30:30 +1187ms service=server error= failed
ERROR 2026-01-31T10:30:30 +515ms service=server error= failed
ERROR 2026-01-31T10:30:33 +2260ms service=server error= failed
ERROR 2026-01-31T10:30:37 +4346ms service=server error= failed
ERROR 2026-01-31T10:30:39 +1694ms service=server error= failed
ERROR 2026-01-31T10:30:40 +1698ms service=server error= failed
ERROR 2026-01-31T10:30:47 +6593ms service=server error= failed
ERROR 2026-01-31T10:30:49 +1717ms service=server error= failed
ERROR 2026-01-31T10:30:50 +1691ms service=server error= failed
ERROR 2026-01-31T10:30:57 +6609ms service=server error= failed
ERROR 2026-01-31T10:30:59 +1700ms service=server error= failed
ERROR 2026-01-31T10:31:00 +1188ms service=server error= failed
ERROR 2026-01-31T10:31:00 +505ms service=server error= failed
ERROR 2026-01-31T10:31:03 +2266ms service=server error= failed
ERROR 2026-01-31T10:31:07 +4337ms service=server error= failed
ERROR 2026-01-31T10:31:09 +1696ms service=server error= failed
ERROR 2026-01-31T10:31:10 +1700ms service=server error= failed
ERROR 2026-01-31T10:31:17 +6593ms service=server error= failed
ERROR 2026-01-31T10:31:19 +1713ms service=server error= failed
ERROR 2026-01-31T10:31:20 +1682ms service=server error= failed
ERROR 2026-01-31T10:31:27 +6615ms service=server error= failed
ERROR 2026-01-31T10:31:29 +1695ms service=server error= failed
ERROR 2026-01-31T10:31:30 +1210ms service=server error= failed
ERROR 2026-01-31T10:31:30 +487ms service=server error= failed
ERROR 2026-01-31T10:31:33 +2286ms service=server error= failed
ERROR 2026-01-31T10:31:37 +4324ms service=server error= failed
ERROR 2026-01-31T10:31:39 +1699ms service=server error= failed
ERROR 2026-01-31T10:31:40 +1696ms service=server error= failed
ERROR 2026-01-31T10:31:47 +6602ms service=server error= failed
ERROR 2026-01-31T10:31:49 +1697ms service=server error= failed
ERROR 2026-01-31T10:31:50 +1699ms service=server error= failed
ERROR 2026-01-31T10:31:57 +6604ms service=server error= failed
ERROR 2026-01-31T10:31:59 +1701ms service=server error= failed
ERROR 2026-01-31T10:32:00 +1220ms service=server error= failed
ERROR 2026-01-31T10:32:00 +467ms service=server error= failed
ERROR 2026-01-31T10:32:03 +2310ms service=server error= failed
ERROR 2026-01-31T10:32:07 +4307ms service=server error= failed
ERROR 2026-01-31T10:32:09 +1699ms service=server error= failed
ERROR 2026-01-31T10:32:10 +1690ms service=server error= failed
ERROR 2026-01-31T10:32:17 +6596ms service=server error= failed
ERROR 2026-01-31T10:32:19 +1710ms service=server error= failed
